[?1h=[?25l[H[2J(B[mtop - 21:05:39 up  2:20,  0 users,  load average: 0.00, 0.00, 0.00(B[m[39;49m(B[m[39;49m[K
Tasks:(B[m[39;49m[1m   6 (B[m[39;49mtotal,(B[m[39;49m[1m   1 (B[m[39;49mrunning,(B[m[39;49m[1m   4 (B[m[39;49msleeping,(B[m[39;49m[1m   1 (B[m[39;49mstopped,(B[m[39;49m[1m   0 (B[m[39;49mzombie(B[m[39;49m(B[m[39;49m[K
%Cpu(s):(B[m[39;49m[1m  0.0 (B[m[39;49mus,(B[m[39;49m[1m  0.0 (B[m[39;49msy,(B[m[39;49m[1m  0.0 (B[m[39;49mni,(B[m[39;49m[1m100.0 (B[m[39;49mid,(B[m[39;49m[1m  0.0 (B[m[39;49mwa,(B[m[39;49m[1m  0.0 (B[m[39;49mhi,(B[m[39;49m[1m  0.0 (B[m[39;49m(B[m[39;49m[K
MiB Mem :(B[m[39;49m[1m   4630.5 (B[m[39;49mtotal,(B[m[39;49m[1m   3530.3 (B[m[39;49mfree,(B[m[39;49m[1m     95.5 (B[m[39;49mused,(B[m[39;49m[1m   1004.7 (B[m[39;49mbuf(B[m[39;49m(B[m[39;49m[K
MiB Swap:(B[m[39;49m[1m   2048.0 (B[m[39;49mtotal,(B[m[39;49m[1m   2048.0 (B[m[39;49mfree,(B[m[39;49m[1m      0.0 (B[m[39;49mused.(B[m[39;49m[1m   4303.7 (B[m[39;49mava(B[m[39;49m(B[m[39;49m[K
[K
[7m  PID USER      PR  NI    VIRT    RES    SHR S  %CPU  %MEM (B[m[39;49m[K
(B[m    1 root      20   0     900    524    464 S   0.0   0.0 (B[m[39;49m[K
(B[m 5839 root      20   0     900     80     20 S   0.0   0.0 (B[m[39;49m[K
(B[m 5840 root      20   0     900     80     20 S   0.0   0.0 (B[m[39;49m[K
(B[m 5841 camila    20   0   10036   4988   3284 S   0.0   0.1 (B[m[39;49m[K
(B[m 5873 camila    20   0    8960   3964   2940 T   0.0   0.1 (B[m[39;49m[K
(B[m[1m10146 camila    20   0   10884   3740   3216 R   0.0   0.1 (B[m[39;49m[K
[J[H(B[mtop - 21:05:42 up  2:20,  0 users,  load average: 0.00, 0.00, 0.00(B[m[39;49m(B[m[39;49m[K




[K







[J[H(B[mtop - 21:05:45 up  2:20,  0 users,  load average: 0.00, 0.00, 0.00(B[m[39;49m(B[m[39;49m[K


MiB Mem :(B[m[39;49m[1m   4630.5 (B[m[39;49mtotal,(B[m[39;49m[1m   3530.3 (B[m[39;49mfree,(B[m[39;49m[1m     95.4 (B[m[39;49mused,(B[m[39;49m[1m   1004.7 (B[m[39;49mbuf(B[m[39;49m(B[m[39;49m[K

[K







[J[H(B[mtop - 21:05:48 up  2:20,  0 users,  load average: 0.00, 0.00, 0.00(B[m[39;49m(B[m[39;49m[K




[K

(B[m[1m10146 camila    20   0   10884   3740   3216 R   0.7   0.1 (B[m[39;49m[K
(B[m    1 root      20   0     900    524    464 S   0.0   0.0 (B[m[39;49m[K
(B[m 5839 root      20   0     900     80     20 S   0.0   0.0 (B[m[39;49m[K
(B[m 5840 root      20   0     900     80     20 S   0.0   0.0 (B[m[39;49m[K
(B[m 5841 camila    20   0   10036   4988   3284 S   0.0   0.1 (B[m[39;49m[K
(B[m 5873 camila    20   0    8960   3964   2940 T   0.0   0.1 (B[m[39;49m[K
[J[?1l>[36;1H[?12l[?25h[?1l>[36;1H
[?12l[?25h[K